<?xml version="1.0" encoding="UTF-8"?>
<testsuite name="TestSqlEmployee" tests="1" skipped="0" failures="0" errors="0" timestamp="2019-12-03T08:15:20" hostname="DESKTOP-RE18L3H" time="0.437">
  <properties/>
  <testcase name="addEmployee" classname="TestSqlEmployee" time="0.437"/>
  <system-out><![CDATA[]]></system-out>
  <system-err><![CDATA[]]></system-err>
</testsuite>
