<?xml version="1.0" encoding="UTF-8"?>
<testsuite name="TestEmployee" tests="1" skipped="0" failures="0" errors="0" timestamp="2019-10-15T09:23:06" hostname="DESKTOP-RE18L3H" time="0.03">
  <properties/>
  <testcase name="createCommisionnedEmployee" classname="TestEmployee" time="0.03"/>
  <system-out><![CDATA[]]></system-out>
  <system-err><![CDATA[]]></system-err>
</testsuite>
