<?xml version="1.0" encoding="UTF-8"?>
<testsuite name="TestDeleteEmployee" tests="1" skipped="0" failures="0" errors="0" timestamp="2019-10-22T12:54:03" hostname="DESKTOP-RE18L3H" time="0.045">
  <properties/>
  <testcase name="testDeleteEmployee" classname="TestDeleteEmployee" time="0.045"/>
  <system-out><![CDATA[]]></system-out>
  <system-err><![CDATA[]]></system-err>
</testsuite>
