<?xml version="1.0" encoding="UTF-8"?>
<testsuite name="TestChangeDetails" tests="1" skipped="0" failures="0" errors="0" timestamp="2019-10-25T14:24:48" hostname="DESKTOP-RE18L3H" time="0.018">
  <properties/>
  <testcase name="testChangeSalariedTransaction" classname="TestChangeDetails" time="0.018"/>
  <system-out><![CDATA[]]></system-out>
  <system-err><![CDATA[TestChangeSalariedTransaction
]]></system-err>
</testsuite>
