<?xml version="1.0" encoding="UTF-8"?>
<testsuite name="TestAddTimeCard" tests="1" skipped="0" failures="0" errors="0" timestamp="2019-10-24T09:10:43" hostname="DESKTOP-RE18L3H" time="0.038">
  <properties/>
  <testcase name="testAddTimeCard" classname="TestAddTimeCard" time="0.038"/>
  <system-out><![CDATA[]]></system-out>
  <system-err><![CDATA[]]></system-err>
</testsuite>
