<?xml version="1.0" encoding="UTF-8"?>
<testsuite name="TestAddEmployee" tests="1" skipped="0" failures="0" errors="0" timestamp="2019-10-22T12:13:15" hostname="DESKTOP-RE18L3H" time="0.01">
  <properties/>
  <testcase name="testAddCommissionedEmployee" classname="TestAddEmployee" time="0.01"/>
  <system-out><![CDATA[]]></system-out>
  <system-err><![CDATA[]]></system-err>
</testsuite>
