<?xml version="1.0" encoding="UTF-8"?>
<testsuite name="TestAddCommission" tests="1" skipped="0" failures="0" errors="0" timestamp="2019-10-24T08:42:44" hostname="DESKTOP-RE18L3H" time="0.039">
  <properties/>
  <testcase name="testAddCommission" classname="TestAddCommission" time="0.039"/>
  <system-out><![CDATA[]]></system-out>
  <system-err><![CDATA[]]></system-err>
</testsuite>
