<?xml version="1.0" encoding="UTF-8"?>
<testsuite name="TestPayDay" tests="1" skipped="0" failures="0" errors="0" timestamp="2019-11-13T12:57:45" hostname="DESKTOP-RE18L3H" time="0.026">
  <properties/>
  <testcase name="PaySingleSalariedEmployeeOnWrongDate" classname="TestPayDay" time="0.026"/>
  <system-out><![CDATA[]]></system-out>
  <system-err><![CDATA[]]></system-err>
</testsuite>
